<suite name="Automate the place API Suite">
	<test name="Will test add,get,update,delete feature of place api">
		<groups>
			<run>
				<include name="" />
			</run>
		</groups>
		<classes>
			<class
				name="restassuredFrameworkDesign.tests.FrameWorkBaseTest" />
		</classes>
	</test>
</suite>