<?xml version="1.0" encoding="UTF-8"?>
<!-- Generated by org.testng.reporters.JUnitReportReporter -->
<testsuite hostname="DESKTOP-D66UN4K" failures="0" tests="2" name="restassuredFrameworkDesign.tests.LibrarayTests" time="2.527" errors="0" timestamp="2025-09-24T18:47:58 IST" skipped="0">
  <testcase classname="restassuredFrameworkDesign.tests.LibrarayTests" name="getBook" time="0.279"/>
  <testcase classname="restassuredFrameworkDesign.tests.LibrarayTests" name="addBook" time="2.248"/>
</testsuite> <!-- restassuredFrameworkDesign.tests.LibrarayTests -->
